<?xml version="1.0" encoding="UTF-8"?>
<!-- Generated by org.testng.reporters.JUnitReportReporter -->
<testsuite hostname="Rashmis-MacBook-Air.local" failures="0" tests="1" name="org.qa.tests.LoginTest" time="31.572" errors="0" timestamp="2023-05-20T22:46:26 PDT" skipped="0">
  <testcase classname="org.qa.tests.LoginTest" name="LoginTC" time="31.572"/>
  <system-out/>
</testsuite> <!-- org.qa.tests.LoginTest -->
